<?xml version="1.0" encoding="UTF-8"?>
<!-- Generated by org.testng.reporters.JUnitReportReporter -->
<testsuite skipped="0" hostname="Duhita-Laptop" name="testCases.LoginPageTest" tests="1" failures="0" timestamp="12 Jun 2021 14:05:04 GMT" time="9.429" errors="0">
  <testcase name="loginTest" time="9.429" classname="testCases.LoginPageTest"/>
</testsuite> <!-- testCases.LoginPageTest -->
